2022-04-10 17:18:20,778 - __main__ - DEBUG - 
TODO
Revisit trigonometry to 1. Figure out angle between two points 2. Move a point along an angle
Revisit 2D Vectors
 (main.py:28)
2022-04-10 17:18:20,778 - __main__ - INFO - hi! (main.py:30)
2022-04-10 17:18:20,778 - game - INFO - starting application! (application.py:24)
2022-04-10 17:18:20,830 - graphics - INFO - hello from conn_pygame_graphics! (conn_pygame_graphics.py:15)
2022-04-10 17:18:22,001 - game - INFO - Shooting! (application.py:76)
2022-04-10 17:18:22,260 - game - INFO - Power -> 3 (application.py:89)
2022-04-10 17:18:22,260 - game - INFO - Angle to shoot at -> 40.71 degrees (application.py:90)
2022-04-10 17:18:24,182 - game - INFO - Shooting! (application.py:76)
2022-04-10 17:18:24,616 - game - INFO - Power -> 6 (application.py:89)
2022-04-10 17:18:24,616 - game - INFO - Angle to shoot at -> 155.73 degrees (application.py:90)
2022-04-10 17:18:26,117 - game - INFO - Shooting! (application.py:76)
2022-04-10 17:18:26,732 - game - INFO - Power -> 10 (application.py:89)
2022-04-10 17:18:26,733 - game - INFO - Angle to shoot at -> 223.25 degrees (application.py:90)
2022-04-10 17:18:27,942 - game - INFO - Shooting! (application.py:76)
2022-04-10 17:18:28,441 - game - INFO - Power -> 6 (application.py:89)
2022-04-10 17:18:28,441 - game - INFO - Angle to shoot at -> 221.11 degrees (application.py:90)
2022-04-10 17:18:30,135 - game - INFO - exiting application (application.py:66)
